mode: atomic
github.com/khulnasoft/bashbrew/architecture/oci-platform.go:30.38,36.2 1 29
github.com/khulnasoft/bashbrew/architecture/oci-platform.go:38.53,40.50 2 11
github.com/khulnasoft/bashbrew/architecture/oci-platform.go:40.50,44.3 1 1
github.com/khulnasoft/bashbrew/architecture/oci-platform.go:45.2,45.10 1 11
github.com/khulnasoft/bashbrew/architecture/oci-platform.go:48.45,51.2 1 24
github.com/khulnasoft/bashbrew/pkg/templatelib/lib.go:12.90,13.45 1 2
github.com/khulnasoft/bashbrew/pkg/templatelib/lib.go:13.45,15.3 1 8
github.com/khulnasoft/bashbrew/pkg/templatelib/lib.go:18.147,19.47 1 7
github.com/khulnasoft/bashbrew/pkg/templatelib/lib.go:19.47,20.20 1 25
github.com/khulnasoft/bashbrew/pkg/templatelib/lib.go:20.20,21.65 1 1
github.com/khulnasoft/bashbrew/pkg/templatelib/lib.go:24.3,25.28 2 24
github.com/khulnasoft/bashbrew/pkg/templatelib/lib.go:25.28,28.20 2 66
github.com/khulnasoft/bashbrew/pkg/templatelib/lib.go:29.38,30.34 1 3
github.com/khulnasoft/bashbrew/pkg/templatelib/lib.go:30.34,32.6 1 9
github.com/khulnasoft/bashbrew/pkg/templatelib/lib.go:33.12,34.45 1 63
github.com/khulnasoft/bashbrew/pkg/templatelib/lib.go:38.3,39.17 2 24
github.com/khulnasoft/bashbrew/pkg/templatelib/lib.go:39.17,42.4 2 7
github.com/khulnasoft/bashbrew/pkg/templatelib/lib.go:42.9,45.4 2 17
github.com/khulnasoft/bashbrew/pkg/templatelib/lib.go:47.3,47.30 1 24
github.com/khulnasoft/bashbrew/pkg/templatelib/lib.go:51.133,52.101 1 4
github.com/khulnasoft/bashbrew/pkg/templatelib/lib.go:52.101,55.28 3 18
github.com/khulnasoft/bashbrew/pkg/templatelib/lib.go:55.28,57.4 1 40
github.com/khulnasoft/bashbrew/pkg/templatelib/lib.go:58.3,58.27 1 18
github.com/khulnasoft/bashbrew/pkg/templatelib/lib.go:62.96,63.48 1 2
github.com/khulnasoft/bashbrew/pkg/templatelib/lib.go:63.48,64.28 1 13
github.com/khulnasoft/bashbrew/pkg/templatelib/lib.go:64.28,66.4 1 28
github.com/khulnasoft/bashbrew/pkg/templatelib/lib.go:67.3,67.13 1 13
github.com/khulnasoft/bashbrew/pkg/templatelib/lib.go:80.87,81.41 1 12
github.com/khulnasoft/bashbrew/pkg/templatelib/lib.go:81.41,82.74 1 1
github.com/khulnasoft/bashbrew/pkg/templatelib/lib.go:83.9,83.15 1 11
github.com/khulnasoft/bashbrew/pkg/templatelib/lib.go:83.15,85.4 1 6
github.com/khulnasoft/bashbrew/pkg/templatelib/lib.go:85.9,87.4 1 5
github.com/khulnasoft/bashbrew/pkg/templatelib/lib.go:92.100,92.114 1 1
github.com/khulnasoft/bashbrew/pkg/templatelib/lib.go:93.100,93.114 1 1
github.com/khulnasoft/bashbrew/pkg/templatelib/lib.go:98.46,101.3 2 1
github.com/khulnasoft/bashbrew/pkg/templatelib/lib.go:112.91,114.3 1 3
github.com/khulnasoft/bashbrew/pkg/templatelib/lib.go:119.102,125.21 2 4
github.com/khulnasoft/bashbrew/pkg/templatelib/lib.go:125.21,127.4 1 1
github.com/khulnasoft/bashbrew/pkg/templatelib/lib.go:127.9,127.28 1 3
github.com/khulnasoft/bashbrew/pkg/templatelib/lib.go:127.28,129.4 1 2
github.com/khulnasoft/bashbrew/pkg/templatelib/lib.go:129.9,129.28 1 1
github.com/khulnasoft/bashbrew/pkg/templatelib/lib.go:129.28,130.93 1 0
github.com/khulnasoft/bashbrew/pkg/templatelib/lib.go:132.3,132.16 1 4
github.com/khulnasoft/bashbrew/pkg/templatelib/lib.go:132.16,134.4 1 1
github.com/khulnasoft/bashbrew/pkg/templatelib/lib.go:134.9,136.4 1 3
github.com/khulnasoft/bashbrew/pkg/stripper/comments.go:20.55,28.2 1 1
github.com/khulnasoft/bashbrew/pkg/stripper/comments.go:30.55,31.6 1 2
github.com/khulnasoft/bashbrew/pkg/stripper/comments.go:31.6,32.28 1 10
github.com/khulnasoft/bashbrew/pkg/stripper/comments.go:32.28,34.4 1 0
github.com/khulnasoft/bashbrew/pkg/stripper/comments.go:35.3,36.20 2 10
github.com/khulnasoft/bashbrew/pkg/stripper/comments.go:36.20,38.20 2 8
github.com/khulnasoft/bashbrew/pkg/stripper/comments.go:38.20,40.5 1 8
github.com/khulnasoft/bashbrew/pkg/stripper/comments.go:41.4,41.47 1 8
github.com/khulnasoft/bashbrew/pkg/stripper/comments.go:41.47,43.13 1 3
github.com/khulnasoft/bashbrew/pkg/stripper/comments.go:45.4,45.27 1 5
github.com/khulnasoft/bashbrew/pkg/stripper/comments.go:47.3,47.17 1 7
github.com/khulnasoft/bashbrew/pkg/stripper/comments.go:47.17,48.23 1 2
github.com/khulnasoft/bashbrew/pkg/stripper/comments.go:48.23,50.5 1 1
github.com/khulnasoft/bashbrew/pkg/stripper/comments.go:51.4,51.17 1 1
github.com/khulnasoft/bashbrew/pkg/execpipe/execpipe.go:15.60,17.2 1 2
github.com/khulnasoft/bashbrew/pkg/execpipe/execpipe.go:20.40,24.51 2 3
github.com/khulnasoft/bashbrew/pkg/execpipe/execpipe.go:24.51,26.3 1 1
github.com/khulnasoft/bashbrew/pkg/execpipe/execpipe.go:26.8,28.3 1 2
github.com/khulnasoft/bashbrew/pkg/execpipe/execpipe.go:29.2,29.41 1 2
github.com/khulnasoft/bashbrew/pkg/execpipe/execpipe.go:29.41,32.3 2 1
github.com/khulnasoft/bashbrew/pkg/execpipe/execpipe.go:33.2,33.18 1 1
github.com/khulnasoft/bashbrew/pkg/execpipe/execpipe.go:36.53,38.2 1 2
github.com/khulnasoft/bashbrew/pkg/execpipe/execpipe.go:40.33,42.2 1 1
github.com/khulnasoft/bashbrew/manifest/fetch.go:17.49,19.2 1 1
github.com/khulnasoft/bashbrew/manifest/fetch.go:26.44,28.2 1 1
github.com/khulnasoft/bashbrew/manifest/fetch.go:30.73,31.90 1 3
github.com/khulnasoft/bashbrew/manifest/fetch.go:31.90,33.3 1 1
github.com/khulnasoft/bashbrew/manifest/fetch.go:34.2,34.12 1 2
github.com/khulnasoft/bashbrew/manifest/fetch.go:45.73,48.64 3 8
github.com/khulnasoft/bashbrew/manifest/fetch.go:48.64,52.3 3 6
github.com/khulnasoft/bashbrew/manifest/fetch.go:54.2,55.76 2 8
github.com/khulnasoft/bashbrew/manifest/fetch.go:55.76,58.17 2 3
github.com/khulnasoft/bashbrew/manifest/fetch.go:58.17,60.4 1 1
github.com/khulnasoft/bashbrew/manifest/fetch.go:61.3,63.17 3 2
github.com/khulnasoft/bashbrew/manifest/fetch.go:63.17,65.4 1 1
github.com/khulnasoft/bashbrew/manifest/fetch.go:66.3,66.73 1 1
github.com/khulnasoft/bashbrew/manifest/fetch.go:70.2,71.111 2 5
github.com/khulnasoft/bashbrew/manifest/fetch.go:71.111,73.3 1 3
github.com/khulnasoft/bashbrew/manifest/fetch.go:74.2,74.27 1 5
github.com/khulnasoft/bashbrew/manifest/fetch.go:74.27,76.3 1 4
github.com/khulnasoft/bashbrew/manifest/fetch.go:77.2,77.37 1 5
github.com/khulnasoft/bashbrew/manifest/fetch.go:77.37,79.40 2 5
github.com/khulnasoft/bashbrew/manifest/fetch.go:79.40,81.4 1 1
github.com/khulnasoft/bashbrew/manifest/fetch.go:82.3,82.17 1 4
github.com/khulnasoft/bashbrew/manifest/fetch.go:82.17,85.18 3 3
github.com/khulnasoft/bashbrew/manifest/fetch.go:85.18,87.5 1 1
github.com/khulnasoft/bashbrew/manifest/fetch.go:88.4,88.74 1 2
github.com/khulnasoft/bashbrew/manifest/fetch.go:92.2,92.69 1 1
github.com/khulnasoft/bashbrew/manifest/rfc2822.go:75.64,77.22 2 48
github.com/khulnasoft/bashbrew/manifest/rfc2822.go:77.22,79.3 1 16
github.com/khulnasoft/bashbrew/manifest/rfc2822.go:80.2,80.10 1 48
github.com/khulnasoft/bashbrew/manifest/rfc2822.go:83.58,93.2 7 48
github.com/khulnasoft/bashbrew/manifest/rfc2822.go:95.50,96.49 1 33
github.com/khulnasoft/bashbrew/manifest/rfc2822.go:96.49,97.245 1 116
github.com/khulnasoft/bashbrew/manifest/rfc2822.go:97.245,99.4 1 10
github.com/khulnasoft/bashbrew/manifest/rfc2822.go:102.56,104.43 2 29
github.com/khulnasoft/bashbrew/manifest/rfc2822.go:104.43,105.58 1 13
github.com/khulnasoft/bashbrew/manifest/rfc2822.go:105.58,107.4 1 2
github.com/khulnasoft/bashbrew/manifest/rfc2822.go:113.59,115.42 2 21
github.com/khulnasoft/bashbrew/manifest/rfc2822.go:115.42,117.3 1 24
github.com/khulnasoft/bashbrew/manifest/rfc2822.go:118.2,118.55 1 21
github.com/khulnasoft/bashbrew/manifest/rfc2822.go:121.52,123.2 1 25
github.com/khulnasoft/bashbrew/manifest/rfc2822.go:125.58,127.2 1 21
github.com/khulnasoft/bashbrew/manifest/rfc2822.go:129.61,131.2 1 191
github.com/khulnasoft/bashbrew/manifest/rfc2822.go:133.59,135.2 1 23
github.com/khulnasoft/bashbrew/manifest/rfc2822.go:138.73,140.64 1 92
github.com/khulnasoft/bashbrew/manifest/rfc2822.go:140.64,141.45 1 26
github.com/khulnasoft/bashbrew/manifest/rfc2822.go:141.45,143.4 1 7
github.com/khulnasoft/bashbrew/manifest/rfc2822.go:146.2,146.269 1 85
github.com/khulnasoft/bashbrew/manifest/rfc2822.go:150.54,152.41 2 198
github.com/khulnasoft/bashbrew/manifest/rfc2822.go:152.41,153.16 1 50
github.com/khulnasoft/bashbrew/manifest/rfc2822.go:153.16,155.4 1 50
github.com/khulnasoft/bashbrew/manifest/rfc2822.go:157.2,158.12 2 198
github.com/khulnasoft/bashbrew/manifest/rfc2822.go:162.92,164.63 2 7
github.com/khulnasoft/bashbrew/manifest/rfc2822.go:164.63,166.3 1 4
github.com/khulnasoft/bashbrew/manifest/rfc2822.go:167.2,167.49 1 7
github.com/khulnasoft/bashbrew/manifest/rfc2822.go:167.49,169.3 1 1
github.com/khulnasoft/bashbrew/manifest/rfc2822.go:170.2,170.61 1 7
github.com/khulnasoft/bashbrew/manifest/rfc2822.go:170.61,172.3 1 4
github.com/khulnasoft/bashbrew/manifest/rfc2822.go:173.2,173.67 1 7
github.com/khulnasoft/bashbrew/manifest/rfc2822.go:173.67,175.3 1 6
github.com/khulnasoft/bashbrew/manifest/rfc2822.go:176.2,176.39 1 7
github.com/khulnasoft/bashbrew/manifest/rfc2822.go:176.39,178.3 1 4
github.com/khulnasoft/bashbrew/manifest/rfc2822.go:179.2,179.41 1 7
github.com/khulnasoft/bashbrew/manifest/rfc2822.go:179.41,181.3 1 6
github.com/khulnasoft/bashbrew/manifest/rfc2822.go:182.2,182.43 1 7
github.com/khulnasoft/bashbrew/manifest/rfc2822.go:182.43,184.3 1 1
github.com/khulnasoft/bashbrew/manifest/rfc2822.go:185.2,185.43 1 7
github.com/khulnasoft/bashbrew/manifest/rfc2822.go:185.43,187.3 1 2
github.com/khulnasoft/bashbrew/manifest/rfc2822.go:188.2,188.33 1 7
github.com/khulnasoft/bashbrew/manifest/rfc2822.go:188.33,190.3 1 5
github.com/khulnasoft/bashbrew/manifest/rfc2822.go:191.2,191.39 1 7
github.com/khulnasoft/bashbrew/manifest/rfc2822.go:191.39,193.3 1 6
github.com/khulnasoft/bashbrew/manifest/rfc2822.go:194.2,194.44 1 7
github.com/khulnasoft/bashbrew/manifest/rfc2822.go:194.44,195.56 1 4
github.com/khulnasoft/bashbrew/manifest/rfc2822.go:195.56,197.4 1 4
github.com/khulnasoft/bashbrew/manifest/rfc2822.go:199.2,199.63 1 7
github.com/khulnasoft/bashbrew/manifest/rfc2822.go:199.63,201.3 1 6
github.com/khulnasoft/bashbrew/manifest/rfc2822.go:202.2,202.14 1 7
github.com/khulnasoft/bashbrew/manifest/rfc2822.go:205.48,207.49 2 7
github.com/khulnasoft/bashbrew/manifest/rfc2822.go:207.49,209.3 1 3
github.com/khulnasoft/bashbrew/manifest/rfc2822.go:210.2,210.42 1 7
github.com/khulnasoft/bashbrew/manifest/rfc2822.go:210.42,212.3 1 6
github.com/khulnasoft/bashbrew/manifest/rfc2822.go:213.2,213.48 1 7
github.com/khulnasoft/bashbrew/manifest/rfc2822.go:213.48,215.3 1 3
github.com/khulnasoft/bashbrew/manifest/rfc2822.go:216.2,216.51 1 7
github.com/khulnasoft/bashbrew/manifest/rfc2822.go:216.51,218.3 1 1
github.com/khulnasoft/bashbrew/manifest/rfc2822.go:219.2,219.37 1 7
github.com/khulnasoft/bashbrew/manifest/rfc2822.go:219.37,221.3 1 3
github.com/khulnasoft/bashbrew/manifest/rfc2822.go:222.2,222.38 1 7
github.com/khulnasoft/bashbrew/manifest/rfc2822.go:222.38,224.3 1 1
github.com/khulnasoft/bashbrew/manifest/rfc2822.go:225.2,225.39 1 7
github.com/khulnasoft/bashbrew/manifest/rfc2822.go:225.39,227.3 1 6
github.com/khulnasoft/bashbrew/manifest/rfc2822.go:228.2,228.39 1 7
github.com/khulnasoft/bashbrew/manifest/rfc2822.go:228.39,230.3 1 5
github.com/khulnasoft/bashbrew/manifest/rfc2822.go:231.2,231.34 1 7
github.com/khulnasoft/bashbrew/manifest/rfc2822.go:231.34,233.3 1 2
github.com/khulnasoft/bashbrew/manifest/rfc2822.go:234.2,234.37 1 7
github.com/khulnasoft/bashbrew/manifest/rfc2822.go:234.37,236.3 1 1
github.com/khulnasoft/bashbrew/manifest/rfc2822.go:237.2,237.41 1 7
github.com/khulnasoft/bashbrew/manifest/rfc2822.go:237.41,239.3 1 6
github.com/khulnasoft/bashbrew/manifest/rfc2822.go:240.2,240.49 1 7
github.com/khulnasoft/bashbrew/manifest/rfc2822.go:240.49,242.3 1 1
github.com/khulnasoft/bashbrew/manifest/rfc2822.go:243.2,243.32 1 7
github.com/khulnasoft/bashbrew/manifest/rfc2822.go:246.46,251.32 4 1
github.com/khulnasoft/bashbrew/manifest/rfc2822.go:251.32,252.12 1 5
github.com/khulnasoft/bashbrew/manifest/rfc2822.go:252.12,254.4 1 4
github.com/khulnasoft/bashbrew/manifest/rfc2822.go:255.3,255.36 1 5
github.com/khulnasoft/bashbrew/manifest/rfc2822.go:258.2,258.34 1 1
github.com/khulnasoft/bashbrew/manifest/rfc2822.go:261.70,262.29 1 0
github.com/khulnasoft/bashbrew/manifest/rfc2822.go:262.29,264.3 1 0
github.com/khulnasoft/bashbrew/manifest/rfc2822.go:265.2,265.42 1 0
github.com/khulnasoft/bashbrew/manifest/rfc2822.go:268.64,269.67 1 0
github.com/khulnasoft/bashbrew/manifest/rfc2822.go:269.67,271.3 1 0
github.com/khulnasoft/bashbrew/manifest/rfc2822.go:272.2,272.22 1 0
github.com/khulnasoft/bashbrew/manifest/rfc2822.go:275.65,276.68 1 0
github.com/khulnasoft/bashbrew/manifest/rfc2822.go:276.68,278.3 1 0
github.com/khulnasoft/bashbrew/manifest/rfc2822.go:279.2,279.23 1 0
github.com/khulnasoft/bashbrew/manifest/rfc2822.go:282.74,283.29 1 0
github.com/khulnasoft/bashbrew/manifest/rfc2822.go:283.29,285.3 1 0
github.com/khulnasoft/bashbrew/manifest/rfc2822.go:286.2,286.46 1 0
github.com/khulnasoft/bashbrew/manifest/rfc2822.go:289.66,290.69 1 0
github.com/khulnasoft/bashbrew/manifest/rfc2822.go:290.69,292.3 1 0
github.com/khulnasoft/bashbrew/manifest/rfc2822.go:293.2,293.24 1 0
github.com/khulnasoft/bashbrew/manifest/rfc2822.go:296.66,297.69 1 0
github.com/khulnasoft/bashbrew/manifest/rfc2822.go:297.69,299.3 1 0
github.com/khulnasoft/bashbrew/manifest/rfc2822.go:300.2,300.24 1 0
github.com/khulnasoft/bashbrew/manifest/rfc2822.go:303.61,304.64 1 0
github.com/khulnasoft/bashbrew/manifest/rfc2822.go:304.64,306.3 1 0
github.com/khulnasoft/bashbrew/manifest/rfc2822.go:307.2,307.19 1 0
github.com/khulnasoft/bashbrew/manifest/rfc2822.go:310.64,311.67 1 0
github.com/khulnasoft/bashbrew/manifest/rfc2822.go:311.67,313.3 1 0
github.com/khulnasoft/bashbrew/manifest/rfc2822.go:314.2,314.22 1 0
github.com/khulnasoft/bashbrew/manifest/rfc2822.go:317.56,318.41 1 222
github.com/khulnasoft/bashbrew/manifest/rfc2822.go:318.41,319.25 1 552
github.com/khulnasoft/bashbrew/manifest/rfc2822.go:319.25,321.4 1 8
github.com/khulnasoft/bashbrew/manifest/rfc2822.go:323.2,323.14 1 214
github.com/khulnasoft/bashbrew/manifest/rfc2822.go:327.62,328.47 1 215
github.com/khulnasoft/bashbrew/manifest/rfc2822.go:328.47,329.25 1 30
github.com/khulnasoft/bashbrew/manifest/rfc2822.go:329.25,331.4 1 5
github.com/khulnasoft/bashbrew/manifest/rfc2822.go:333.2,333.14 1 210
github.com/khulnasoft/bashbrew/manifest/rfc2822.go:337.66,338.51 1 0
github.com/khulnasoft/bashbrew/manifest/rfc2822.go:338.51,339.27 1 0
github.com/khulnasoft/bashbrew/manifest/rfc2822.go:339.27,341.4 1 0
github.com/khulnasoft/bashbrew/manifest/rfc2822.go:343.2,343.14 1 0
github.com/khulnasoft/bashbrew/manifest/rfc2822.go:346.68,347.41 1 79
github.com/khulnasoft/bashbrew/manifest/rfc2822.go:347.41,348.24 1 222
github.com/khulnasoft/bashbrew/manifest/rfc2822.go:348.24,350.4 1 8
github.com/khulnasoft/bashbrew/manifest/rfc2822.go:352.2,352.12 1 71
github.com/khulnasoft/bashbrew/manifest/rfc2822.go:356.76,358.41 2 69
github.com/khulnasoft/bashbrew/manifest/rfc2822.go:358.41,359.30 1 215
github.com/khulnasoft/bashbrew/manifest/rfc2822.go:359.30,361.4 1 5
github.com/khulnasoft/bashbrew/manifest/rfc2822.go:363.2,363.12 1 69
github.com/khulnasoft/bashbrew/manifest/rfc2822.go:367.58,369.41 2 1
github.com/khulnasoft/bashbrew/manifest/rfc2822.go:369.41,371.3 1 4
github.com/khulnasoft/bashbrew/manifest/rfc2822.go:372.2,373.29 2 1
github.com/khulnasoft/bashbrew/manifest/rfc2822.go:382.68,386.56 4 1
github.com/khulnasoft/bashbrew/manifest/rfc2822.go:386.56,388.58 2 4
github.com/khulnasoft/bashbrew/manifest/rfc2822.go:388.58,390.4 1 5
github.com/khulnasoft/bashbrew/manifest/rfc2822.go:391.3,392.36 2 4
github.com/khulnasoft/bashbrew/manifest/rfc2822.go:392.36,394.4 1 3
github.com/khulnasoft/bashbrew/manifest/rfc2822.go:395.3,395.55 1 4
github.com/khulnasoft/bashbrew/manifest/rfc2822.go:397.2,398.34 2 1
github.com/khulnasoft/bashbrew/manifest/rfc2822.go:398.34,403.56 2 3
github.com/khulnasoft/bashbrew/manifest/rfc2822.go:403.56,405.4 1 4
github.com/khulnasoft/bashbrew/manifest/rfc2822.go:406.3,406.27 1 3
github.com/khulnasoft/bashbrew/manifest/rfc2822.go:408.2,408.12 1 1
github.com/khulnasoft/bashbrew/manifest/rfc2822.go:411.71,412.25 1 29
github.com/khulnasoft/bashbrew/manifest/rfc2822.go:412.25,414.3 1 0
github.com/khulnasoft/bashbrew/manifest/rfc2822.go:415.2,415.74 1 29
github.com/khulnasoft/bashbrew/manifest/rfc2822.go:415.74,417.3 1 0
github.com/khulnasoft/bashbrew/manifest/rfc2822.go:418.2,418.83 1 29
github.com/khulnasoft/bashbrew/manifest/rfc2822.go:418.83,420.3 1 0
github.com/khulnasoft/bashbrew/manifest/rfc2822.go:422.2,425.62 3 29
github.com/khulnasoft/bashbrew/manifest/rfc2822.go:425.62,427.3 1 0
github.com/khulnasoft/bashbrew/manifest/rfc2822.go:428.2,428.89 1 29
github.com/khulnasoft/bashbrew/manifest/rfc2822.go:428.89,430.3 1 0
github.com/khulnasoft/bashbrew/manifest/rfc2822.go:432.2,433.33 2 29
github.com/khulnasoft/bashbrew/manifest/rfc2822.go:433.33,434.60 1 64
github.com/khulnasoft/bashbrew/manifest/rfc2822.go:434.60,436.4 1 0
github.com/khulnasoft/bashbrew/manifest/rfc2822.go:437.3,437.72 1 64
github.com/khulnasoft/bashbrew/manifest/rfc2822.go:437.72,439.4 1 0
github.com/khulnasoft/bashbrew/manifest/rfc2822.go:440.3,440.19 1 64
github.com/khulnasoft/bashbrew/manifest/rfc2822.go:440.19,442.4 1 0
github.com/khulnasoft/bashbrew/manifest/rfc2822.go:443.3,443.22 1 64
github.com/khulnasoft/bashbrew/manifest/rfc2822.go:445.2,445.39 1 29
github.com/khulnasoft/bashbrew/manifest/rfc2822.go:445.39,446.60 1 6
github.com/khulnasoft/bashbrew/manifest/rfc2822.go:446.60,448.4 1 0
github.com/khulnasoft/bashbrew/manifest/rfc2822.go:449.3,449.19 1 6
github.com/khulnasoft/bashbrew/manifest/rfc2822.go:449.19,451.4 1 0
github.com/khulnasoft/bashbrew/manifest/rfc2822.go:452.3,452.22 1 6
github.com/khulnasoft/bashbrew/manifest/rfc2822.go:455.2,455.49 1 29
github.com/khulnasoft/bashbrew/manifest/rfc2822.go:455.49,456.46 1 92
github.com/khulnasoft/bashbrew/manifest/rfc2822.go:456.46,461.4 4 1
github.com/khulnasoft/bashbrew/manifest/rfc2822.go:464.2,466.12 2 28
github.com/khulnasoft/bashbrew/manifest/rfc2822.go:481.53,483.23 2 24
github.com/khulnasoft/bashbrew/manifest/rfc2822.go:483.23,485.3 1 24
github.com/khulnasoft/bashbrew/manifest/rfc2822.go:486.2,487.31 2 24
github.com/khulnasoft/bashbrew/manifest/rfc2822.go:490.74,491.76 1 8
github.com/khulnasoft/bashbrew/manifest/rfc2822.go:491.76,496.3 4 7
github.com/khulnasoft/bashbrew/manifest/rfc2822.go:497.2,497.92 1 1
github.com/khulnasoft/bashbrew/manifest/rfc2822.go:500.62,502.47 2 33
github.com/khulnasoft/bashbrew/manifest/rfc2822.go:502.47,504.55 1 39
github.com/khulnasoft/bashbrew/manifest/rfc2822.go:504.55,506.4 1 0
github.com/khulnasoft/bashbrew/manifest/rfc2822.go:508.2,508.16 1 33
github.com/khulnasoft/bashbrew/manifest/rfc2822.go:511.55,513.85 2 29
github.com/khulnasoft/bashbrew/manifest/rfc2822.go:513.85,514.38 1 70
github.com/khulnasoft/bashbrew/manifest/rfc2822.go:514.38,516.4 1 0
github.com/khulnasoft/bashbrew/manifest/rfc2822.go:518.2,518.16 1 29
github.com/khulnasoft/bashbrew/manifest/rfc2822.go:521.64,523.43 2 33
github.com/khulnasoft/bashbrew/manifest/rfc2822.go:523.43,524.55 1 34
github.com/khulnasoft/bashbrew/manifest/rfc2822.go:524.55,526.4 1 0
github.com/khulnasoft/bashbrew/manifest/rfc2822.go:528.2,528.16 1 33
github.com/khulnasoft/bashbrew/manifest/rfc2822.go:532.57,535.39 3 31
github.com/khulnasoft/bashbrew/manifest/rfc2822.go:535.39,536.16 1 14
github.com/khulnasoft/bashbrew/manifest/rfc2822.go:536.16,537.12 1 2
github.com/khulnasoft/bashbrew/manifest/rfc2822.go:539.3,540.37 2 12
github.com/khulnasoft/bashbrew/manifest/rfc2822.go:542.2,542.30 1 31
github.com/khulnasoft/bashbrew/manifest/rfc2822.go:546.60,549.43 3 33
github.com/khulnasoft/bashbrew/manifest/rfc2822.go:549.43,550.17 1 35
github.com/khulnasoft/bashbrew/manifest/rfc2822.go:550.17,551.12 1 1
github.com/khulnasoft/bashbrew/manifest/rfc2822.go:553.3,554.38 2 34
github.com/khulnasoft/bashbrew/manifest/rfc2822.go:556.2,557.33 2 33
github.com/khulnasoft/bashbrew/manifest/rfc2822.go:564.71,571.6 5 41
github.com/khulnasoft/bashbrew/manifest/rfc2822.go:571.6,573.17 2 41
github.com/khulnasoft/bashbrew/manifest/rfc2822.go:573.17,575.4 1 8
github.com/khulnasoft/bashbrew/manifest/rfc2822.go:578.3,578.38 1 33
github.com/khulnasoft/bashbrew/manifest/rfc2822.go:578.38,579.12 1 0
github.com/khulnasoft/bashbrew/manifest/rfc2822.go:583.3,583.33 1 33
github.com/khulnasoft/bashbrew/manifest/rfc2822.go:583.33,585.4 1 29
github.com/khulnasoft/bashbrew/manifest/rfc2822.go:586.3,586.36 1 33
github.com/khulnasoft/bashbrew/manifest/rfc2822.go:586.36,588.4 1 31
github.com/khulnasoft/bashbrew/manifest/rfc2822.go:589.3,594.13 3 33
github.com/khulnasoft/bashbrew/manifest/rfc2822.go:601.59,605.16 3 8
github.com/khulnasoft/bashbrew/manifest/rfc2822.go:605.16,607.3 1 0
github.com/khulnasoft/bashbrew/manifest/rfc2822.go:608.2,614.57 3 8
github.com/khulnasoft/bashbrew/manifest/rfc2822.go:614.57,616.3 1 4
github.com/khulnasoft/bashbrew/manifest/rfc2822.go:617.2,617.42 1 4
github.com/khulnasoft/bashbrew/manifest/rfc2822.go:617.42,619.3 1 0
github.com/khulnasoft/bashbrew/manifest/rfc2822.go:620.2,620.93 1 4
github.com/khulnasoft/bashbrew/manifest/rfc2822.go:620.93,622.3 1 0
github.com/khulnasoft/bashbrew/manifest/rfc2822.go:623.2,623.35 1 4
github.com/khulnasoft/bashbrew/manifest/rfc2822.go:623.35,625.3 1 0
github.com/khulnasoft/bashbrew/manifest/rfc2822.go:626.2,626.99 1 4
github.com/khulnasoft/bashbrew/manifest/rfc2822.go:626.99,628.3 1 0
github.com/khulnasoft/bashbrew/manifest/rfc2822.go:630.2,630.6 1 4
github.com/khulnasoft/bashbrew/manifest/rfc2822.go:630.6,634.20 3 33
github.com/khulnasoft/bashbrew/manifest/rfc2822.go:634.20,635.9 1 4
github.com/khulnasoft/bashbrew/manifest/rfc2822.go:637.3,637.17 1 29
github.com/khulnasoft/bashbrew/manifest/rfc2822.go:637.17,639.4 1 0
github.com/khulnasoft/bashbrew/manifest/rfc2822.go:641.3,641.49 1 29
github.com/khulnasoft/bashbrew/manifest/rfc2822.go:641.49,643.4 1 0
github.com/khulnasoft/bashbrew/manifest/rfc2822.go:644.3,644.51 1 29
github.com/khulnasoft/bashbrew/manifest/rfc2822.go:644.51,646.4 1 0
github.com/khulnasoft/bashbrew/manifest/rfc2822.go:648.3,649.17 2 29
github.com/khulnasoft/bashbrew/manifest/rfc2822.go:649.17,651.4 1 0
github.com/khulnasoft/bashbrew/manifest/rfc2822.go:654.2,654.23 1 4
github.com/khulnasoft/bashbrew/pkg/gitfs/fs.go:21.71,23.16 2 1
github.com/khulnasoft/bashbrew/pkg/gitfs/fs.go:23.16,25.3 1 0
github.com/khulnasoft/bashbrew/pkg/gitfs/fs.go:26.2,28.8 1 1
github.com/khulnasoft/bashbrew/pkg/gitfs/fs.go:41.77,42.45 1 1
github.com/khulnasoft/bashbrew/pkg/gitfs/fs.go:42.45,44.3 1 1
github.com/khulnasoft/bashbrew/pkg/gitfs/fs.go:46.2,47.16 2 0
github.com/khulnasoft/bashbrew/pkg/gitfs/fs.go:47.16,49.3 1 0
github.com/khulnasoft/bashbrew/pkg/gitfs/fs.go:51.2,51.18 1 0
github.com/khulnasoft/bashbrew/pkg/gitfs/fs.go:51.18,53.3 1 0
github.com/khulnasoft/bashbrew/pkg/gitfs/fs.go:56.2,56.24 1 0
github.com/khulnasoft/bashbrew/pkg/gitfs/fs.go:56.24,58.3 1 0
github.com/khulnasoft/bashbrew/pkg/gitfs/fs.go:61.2,67.38 3 0
github.com/khulnasoft/bashbrew/pkg/gitfs/fs.go:67.38,69.3 1 0
github.com/khulnasoft/bashbrew/pkg/gitfs/fs.go:71.2,71.20 1 0
github.com/khulnasoft/bashbrew/pkg/gitfs/fs.go:75.52,77.16 2 1
github.com/khulnasoft/bashbrew/pkg/gitfs/fs.go:77.16,80.3 1 0
github.com/khulnasoft/bashbrew/pkg/gitfs/fs.go:82.2,82.50 1 1
github.com/khulnasoft/bashbrew/pkg/gitfs/fs.go:82.50,84.3 1 0
github.com/khulnasoft/bashbrew/pkg/gitfs/fs.go:84.8,84.25 1 1
github.com/khulnasoft/bashbrew/pkg/gitfs/fs.go:84.25,86.3 1 0
github.com/khulnasoft/bashbrew/pkg/gitfs/fs.go:88.2,89.16 2 1
github.com/khulnasoft/bashbrew/pkg/gitfs/fs.go:89.16,91.3 1 0
github.com/khulnasoft/bashbrew/pkg/gitfs/fs.go:93.2,98.8 1 1
github.com/khulnasoft/bashbrew/pkg/gitfs/fs.go:102.56,104.16 2 0
github.com/khulnasoft/bashbrew/pkg/gitfs/fs.go:104.16,106.3 1 0
github.com/khulnasoft/bashbrew/pkg/gitfs/fs.go:108.2,108.50 1 0
github.com/khulnasoft/bashbrew/pkg/gitfs/fs.go:108.50,110.3 1 0
github.com/khulnasoft/bashbrew/pkg/gitfs/fs.go:110.8,110.25 1 0
github.com/khulnasoft/bashbrew/pkg/gitfs/fs.go:110.25,112.3 1 0
github.com/khulnasoft/bashbrew/pkg/gitfs/fs.go:114.2,116.8 1 0
github.com/khulnasoft/bashbrew/pkg/gitfs/fs.go:125.48,127.2 1 0
github.com/khulnasoft/bashbrew/pkg/gitfs/fs.go:128.48,130.2 1 2
github.com/khulnasoft/bashbrew/pkg/gitfs/fs.go:131.34,133.2 1 1
github.com/khulnasoft/bashbrew/pkg/gitfs/fs.go:140.39,142.2 1 0
github.com/khulnasoft/bashbrew/pkg/gitfs/fs.go:145.38,147.2 1 0
github.com/khulnasoft/bashbrew/pkg/gitfs/fs.go:150.44,153.22 1 0
github.com/khulnasoft/bashbrew/pkg/gitfs/fs.go:154.37,155.14 1 0
github.com/khulnasoft/bashbrew/pkg/gitfs/fs.go:156.37,157.31 1 0
github.com/khulnasoft/bashbrew/pkg/gitfs/fs.go:158.40,159.14 1 0
github.com/khulnasoft/bashbrew/pkg/gitfs/fs.go:160.33,161.27 1 0
github.com/khulnasoft/bashbrew/pkg/gitfs/fs.go:163.2,163.29 1 0
github.com/khulnasoft/bashbrew/pkg/gitfs/fs.go:167.45,169.2 1 0
github.com/khulnasoft/bashbrew/pkg/gitfs/fs.go:172.38,174.2 1 0
github.com/khulnasoft/bashbrew/pkg/gitfs/fs.go:177.43,179.2 1 0
